<?xml version="1.0" encoding="UTF-8"?>
<testng-results total="2" passed="2" failed="0" skipped="0">
  <reporter-output>
  </reporter-output>
  <suite started-at="2022-06-07T01:52:38Z" name="Suite" finished-at="2022-06-07T01:53:02Z" duration-ms="23970">
    <groups>
    </groups>
    <test started-at="2022-06-07T01:52:38Z" name="Test" finished-at="2022-06-07T01:53:02Z" duration-ms="23970">
      <class name="com.gen.tests.LoginPageTest">
        <test-method is-config="true" signature="setUp()[pri:0, instance:com.gen.tests.LoginPageTest@9573584]" started-at="2022-06-07T07:22:38Z" name="setUp" finished-at="2022-06-07T07:22:52Z" duration-ms="14393" status="PASS">
          <reporter-output>
          </reporter-output>
        </test-method> <!-- setUp -->
        <test-method signature="title()[pri:1, instance:com.gen.tests.LoginPageTest@9573584]" started-at="2022-06-07T07:22:52Z" name="title" finished-at="2022-06-07T07:22:54Z" duration-ms="1348" status="PASS">
          <reporter-output>
          </reporter-output>
        </test-method> <!-- title -->
        <test-method signature="search()[pri:2, instance:com.gen.tests.LoginPageTest@9573584]" started-at="2022-06-07T07:22:54Z" name="search" finished-at="2022-06-07T07:23:02Z" duration-ms="8094" status="PASS">
          <reporter-output>
          </reporter-output>
        </test-method> <!-- search -->
        <test-method is-config="true" signature="tearDown()[pri:0, instance:com.gen.tests.LoginPageTest@9573584]" started-at="2022-06-07T07:23:02Z" name="tearDown" finished-at="2022-06-07T07:23:02Z" duration-ms="120" status="PASS">
          <reporter-output>
          </reporter-output>
        </test-method> <!-- tearDown -->
      </class> <!-- com.gen.tests.LoginPageTest -->
    </test> <!-- Test -->
  </suite> <!-- Suite -->
</testng-results>
