<?xml version="1.0" encoding="UTF-8"?>
<testng-results total="1" passed="1" failed="0" skipped="0">
  <reporter-output>
  </reporter-output>
  <suite started-at="2022-06-05T12:48:33Z" name="Suite" finished-at="2022-06-05T12:48:34Z" duration-ms="25">
    <groups>
    </groups>
    <test started-at="2022-06-05T12:48:33Z" name="Test" finished-at="2022-06-05T12:48:34Z" duration-ms="25">
      <class name="Framework.POMGenerics.AppTest">
        <test-method signature="testApp()[pri:0, instance:Framework.POMGenerics.AppTest@1bae316d]" started-at="2022-06-05T18:18:34Z" name="testApp" finished-at="2022-06-05T18:18:34Z" duration-ms="9" status="PASS">
          <reporter-output>
          </reporter-output>
        </test-method> <!-- testApp -->
      </class> <!-- Framework.POMGenerics.AppTest -->
    </test> <!-- Test -->
  </suite> <!-- Suite -->
</testng-results>
